<?xml version="1.0" encoding="UTF-8"?>
<Site BuildName="Win32-MSBuild"
	BuildStamp="20260204-0836-Experimental"
	Name="Lesterlaptop"
	Generator="ctest-3.30.2"
	CompilerName="C:/Program Files/Microsoft Visual Studio/2022/Community/VC/Tools/MSVC/14.44.35207/bin/Hostx64/x64/cl.exe"
	CompilerVersion="19.44.35222.0"
	OSName="Windows"
	Hostname="Lesterlaptop"
	OSRelease=" Personal"
	OSVersion=" (Build 26200)"
	OSPlatform="AMD64"
	Is64Bits="1"
	VendorString="GenuineIntel"
	VendorID="Intel Corporation"
	FamilyID="6"
	ModelID="10"
	ProcessorCacheSize="-1"
	NumberOfLogicalCPU="12"
	NumberOfPhysicalCPU="8"
	TotalVirtualMemory="29894"
	TotalPhysicalMemory="16070"
	LogicalProcessorsPerPhysical="1"
	ProcessorClockFrequency="2496"
	>
	<Testing>
		<StartDateTime>Feb 04 17:01 Malay Peninsula Standard Time</StartDateTime>
		<StartTestTime>1770195698</StartTestTime>
		<TestList/>
		<EndDateTime>Feb 04 17:01 Malay Peninsula Standard Time</EndDateTime>
		<EndTestTime>1770195698</EndTestTime>
		<ElapsedMinutes>0</ElapsedMinutes>
	</Testing>
</Site>
